Flow report for Video
Mon Oct 14 05:57:52 2013
Quartus II 64-Bit Version 13.0.0 Build 156 04/24/2013 SJ Web Edition


---------------------
; Table of Contents ;
---------------------
  1. Legal Notice
  2. Flow Summary
  3. Flow Settings
  4. Flow Non-Default Global Settings
  5. Flow Elapsed Time
  6. Flow OS Summary
  7. Flow Log
  8. Flow Messages
  9. Flow Suppressed Messages



----------------
; Legal Notice ;
----------------
Copyright (C) 1991-2013 Altera Corporation
Your use of Altera Corporation's design tools, logic functions 
and other software and tools, and its AMPP partner logic 
functions, and any output files from any of the foregoing 
(including device programming or simulation files), and any 
associated documentation or information are expressly subject 
to the terms and conditions of the Altera Program License 
Subscription Agreement, Altera MegaCore Function License 
Agreement, or other applicable license agreement, including, 
without limitation, that your use is for the sole purpose of 
programming logic devices manufactured by Altera and sold by 
Altera or its authorized distributors.  Please refer to the 
applicable agreement for further details.



+---------------------------------------------------------------------------------+
; Flow Summary                                                                    ;
+------------------------------------+--------------------------------------------+
; Flow Status                        ; Successful - Mon Oct 14 05:57:52 2013      ;
; Quartus II 64-Bit Version          ; 13.0.0 Build 156 04/24/2013 SJ Web Edition ;
; Revision Name                      ; Video                                      ;
; Top-level Entity Name              ; Video                                      ;
; Family                             ; Cyclone IV E                               ;
; Device                             ; EP4CE115F29C7                              ;
; Timing Models                      ; Final                                      ;
; Total logic elements               ; 17,858 / 114,480 ( 16 % )                  ;
;     Total combinational functions  ; 17,601 / 114,480 ( 15 % )                  ;
;     Dedicated logic registers      ; 1,313 / 114,480 ( 1 % )                    ;
; Total registers                    ; 1313                                       ;
; Total pins                         ; 32 / 529 ( 6 % )                           ;
; Total virtual pins                 ; 0                                          ;
; Total memory bits                  ; 774,218 / 3,981,312 ( 19 % )               ;
; Embedded Multiplier 9-bit elements ; 0 / 532 ( 0 % )                            ;
; Total PLLs                         ; 1 / 4 ( 25 % )                             ;
+------------------------------------+--------------------------------------------+


+-----------------------------------------+
; Flow Settings                           ;
+-------------------+---------------------+
; Option            ; Setting             ;
+-------------------+---------------------+
; Start date & time ; 10/14/2013 05:52:34 ;
; Main task         ; Compilation         ;
; Revision Name     ; Video               ;
+-------------------+---------------------+


+------------------------------------------------------------------------------------------------------------------------------------------------------------------+
; Flow Non-Default Global Settings                                                                                                                                 ;
+-------------------------------------+-----------------------------------------------------------------------+---------------+-------------+----------------------+
; Assignment Name                     ; Value                                                                 ; Default Value ; Entity Name ; Section Id           ;
+-------------------------------------+-----------------------------------------------------------------------+---------------+-------------+----------------------+
; ALLOW_POWER_UP_DONT_CARE            ; Off                                                                   ; On            ; --          ; --                   ;
; AUTO_PACKED_REGISTERS               ; Normal                                                                ; Off           ; --          ; --                   ;
; COMPILER_SIGNATURE_ID               ; 123490035989.138168315406740                                          ; --            ; --          ; --                   ;
; EDA_DESIGN_ENTRY_SYNTHESIS_TOOL     ; DK Design Suite                                                       ; <None>        ; --          ; --                   ;
; EDA_INPUT_DATA_FORMAT               ; Edif                                                                  ; --            ; --          ; eda_design_synthesis ;
; EDA_LMF_FILE                        ; C:/Program Files (x86)/Mentor Graphics/HandelCSynthesis/DK/lmf/dk.lmf ; --            ; --          ; eda_design_synthesis ;
; EDA_OUTPUT_DATA_FORMAT              ; Vhdl                                                                  ; --            ; --          ; eda_simulation       ;
; EDA_SIMULATION_TOOL                 ; ModelSim-Altera (VHDL)                                                ; <None>        ; --          ; --                   ;
; MAX_CORE_JUNCTION_TEMP              ; 85                                                                    ; --            ; --          ; --                   ;
; MIN_CORE_JUNCTION_TEMP              ; 0                                                                     ; --            ; --          ; --                   ;
; OUTPUT_IO_TIMING_FAR_END_VMEAS      ; Half Signal Swing                                                     ; --            ; --          ; --                   ;
; OUTPUT_IO_TIMING_FAR_END_VMEAS      ; Half Signal Swing                                                     ; --            ; --          ; --                   ;
; OUTPUT_IO_TIMING_NEAR_END_VMEAS     ; Half Vccio                                                            ; --            ; --          ; --                   ;
; OUTPUT_IO_TIMING_NEAR_END_VMEAS     ; Half Vccio                                                            ; --            ; --          ; --                   ;
; PARTITION_COLOR                     ; 16764057                                                              ; --            ; --          ; Top                  ;
; PARTITION_FITTER_PRESERVATION_LEVEL ; PLACEMENT_AND_ROUTING                                                 ; --            ; --          ; Top                  ;
; PARTITION_NETLIST_TYPE              ; SOURCE                                                                ; --            ; --          ; Top                  ;
; POWER_BOARD_THERMAL_MODEL           ; None (CONSERVATIVE)                                                   ; --            ; --          ; --                   ;
; POWER_PRESET_COOLING_SOLUTION       ; 23 MM HEAT SINK WITH 200 LFPM AIRFLOW                                 ; --            ; --          ; --                   ;
; PROJECT_OUTPUT_DIRECTORY            ; output_files                                                          ; --            ; --          ; --                   ;
+-------------------------------------+-----------------------------------------------------------------------+---------------+-------------+----------------------+


+-------------------------------------------------------------------------------------------------------------------------------+
; Flow Elapsed Time                                                                                                             ;
+---------------------------+--------------+-------------------------+---------------------+------------------------------------+
; Module Name               ; Elapsed Time ; Average Processors Used ; Peak Virtual Memory ; Total CPU Time (on all processors) ;
+---------------------------+--------------+-------------------------+---------------------+------------------------------------+
; Analysis & Synthesis      ; 00:00:36     ; 1.0                     ; 651 MB              ; 00:00:29                           ;
; Fitter                    ; 00:02:47     ; 1.0                     ; 1099 MB             ; 00:02:42                           ;
; Assembler                 ; 00:00:09     ; 1.0                     ; 523 MB              ; 00:00:08                           ;
; TimeQuest Timing Analyzer ; 00:00:21     ; 1.0                     ; 718 MB              ; 00:00:18                           ;
; EDA Netlist Writer        ; 00:00:37     ; 1.0                     ; 603 MB              ; 00:00:25                           ;
; Total                     ; 00:04:30     ; --                      ; --                  ; 00:04:02                           ;
+---------------------------+--------------+-------------------------+---------------------+------------------------------------+


+----------------------------------------------------------------------------------------+
; Flow OS Summary                                                                        ;
+---------------------------+------------------+-----------+------------+----------------+
; Module Name               ; Machine Hostname ; OS Name   ; OS Version ; Processor type ;
+---------------------------+------------------+-----------+------------+----------------+
; Analysis & Synthesis      ; IT044324         ; Windows 7 ; 6.1        ; x86_64         ;
; Fitter                    ; IT044324         ; Windows 7 ; 6.1        ; x86_64         ;
; Assembler                 ; IT044324         ; Windows 7 ; 6.1        ; x86_64         ;
; TimeQuest Timing Analyzer ; IT044324         ; Windows 7 ; 6.1        ; x86_64         ;
; EDA Netlist Writer        ; IT044324         ; Windows 7 ; 6.1        ; x86_64         ;
+---------------------------+------------------+-----------+------------+----------------+


------------
; Flow Log ;
------------
quartus_map --read_settings_files=on --write_settings_files=off Video -c Video
quartus_fit --read_settings_files=off --write_settings_files=off Video -c Video
quartus_asm --read_settings_files=off --write_settings_files=off Video -c Video
quartus_sta Video -c Video
quartus_eda --read_settings_files=off --write_settings_files=off Video -c Video



